<?xml version="1.0" encoding="UTF-8"?>
<testng-results skipped="0" failed="0" ignored="0" total="1" passed="1">
  <reporter-output>
  </reporter-output>
  <suite name="Default suite" duration-ms="21800" started-at="2019-12-05T10:26:51Z" finished-at="2019-12-05T10:27:13Z">
    <groups>
    </groups>
    <test name="Default test" duration-ms="21800" started-at="2019-12-05T10:26:51Z" finished-at="2019-12-05T10:27:13Z">
      <class name="Demo.Demo.TestClass">
        <test-method status="PASS" signature="class1()[pri:0, instance:Demo.Demo.TestClass@33f88ab]" name="class1" duration-ms="21774" started-at="2019-12-05T10:26:51Z" finished-at="2019-12-05T10:27:13Z">
          <reporter-output>
          </reporter-output>
        </test-method> <!-- class1 -->
      </class> <!-- Demo.Demo.TestClass -->
    </test> <!-- Default test -->
  </suite> <!-- Default suite -->
</testng-results>
